<?xml version="1.0" encoding="UTF-8"?>
<testng-results skipped="0" failed="0" total="1" passed="1">
  <reporter-output>
    <line>
      <![CDATA[HP Compaq 15-s008TU Notebook is added to cart.<br>]]>
    </line>
    <line>
      <![CDATA[HP 240 G3 (Notebook) is added to cart.<br>]]>
    </line>
    <line>
      <![CDATA[<font color='green'><b>Success: HP 240 G3 (Notebook) is in the cart.</b></font><br>]]>
    </line>
    <line>
      <![CDATA[<font color='green'><b>Success: HP Compaq 15-s008TU Notebook is in the cart.</b></font><br>]]>
    </line>
  </reporter-output>
  <suite name="FlipkartTestSuite" duration-ms="70885" started-at="2015-05-22T01:01:40Z" finished-at="2015-05-22T01:02:51Z">
    <groups>
    </groups>
    <test name="FlipkartTest" duration-ms="70885" started-at="2015-05-22T01:01:40Z" finished-at="2015-05-22T01:02:51Z">
      <class name="com.flipkart.Test_Flipkart">
        <test-method status="PASS" signature="testng()[pri:0, instance:com.flipkart.Test_Flipkart@28f67ac7]" name="testng" duration-ms="70852" started-at="2015-05-21T21:01:40Z" finished-at="2015-05-21T21:02:51Z">
          <reporter-output>
            <line>
              <![CDATA[HP Compaq 15-s008TU Notebook is added to cart.<br>]]>
            </line>
            <line>
              <![CDATA[HP 240 G3 (Notebook) is added to cart.<br>]]>
            </line>
            <line>
              <![CDATA[<font color='green'><b>Success: HP 240 G3 (Notebook) is in the cart.</b></font><br>]]>
            </line>
            <line>
              <![CDATA[<font color='green'><b>Success: HP Compaq 15-s008TU Notebook is in the cart.</b></font><br>]]>
            </line>
          </reporter-output>
        </test-method> <!-- testng -->
      </class> <!-- com.flipkart.Test_Flipkart -->
    </test> <!-- FlipkartTest -->
  </suite> <!-- FlipkartTestSuite -->
</testng-results>
